<testResult _class="hudson.tasks.junit.TestResult">
    <duration>0.184</duration>
    <empty>false</empty>
    <failCount>0</failCount>
    <passCount>21</passCount>
    <skipCount>0</skipCount>
    <suite>
        <case>
            <age>0</age>
            <className>salariati.test.AddEmployeeTest</className>
            <duration>0.001</duration>
            <failedSince>0</failedSince>
            <name>TC6_BVA_valid</name>
            <skipped>false</skipped>
            <status>PASSED</status>
        </case>
        <case>
            <age>0</age>
            <className>salariati.test.AddEmployeeTest</className>
            <duration>0.0</duration>
            <failedSince>0</failedSince>
            <name>TC5_BVA_invalid_cnp</name>
            <skipped>false</skipped>
            <status>PASSED</status>
        </case>
        <case>
            <age>0</age>
            <className>salariati.test.AddEmployeeTest</className>
            <duration>0.0</duration>
            <failedSince>0</failedSince>
            <name>TC2_ECP_invalid_firstName</name>
            <skipped>false</skipped>
            <status>PASSED</status>
        </case>
        <case>
            <age>0</age>
            <className>salariati.test.AddEmployeeTest</className>
            <duration>0.0</duration>
            <failedSince>0</failedSince>
            <name>TC1_ECP_valid</name>
            <skipped>false</skipped>
            <status>PASSED</status>
        </case>
        <case>
            <age>0</age>
            <className>salariati.test.AddEmployeeTest</className>
            <duration>0.0</duration>
            <failedSince>0</failedSince>
            <name>TC3_ECP_invalid_salary</name>
            <skipped>false</skipped>
            <status>PASSED</status>
        </case>
        <case>
            <age>0</age>
            <className>salariati.test.AddEmployeeTest</className>
            <duration>0.0</duration>
            <failedSince>0</failedSince>
            <name>TC3_BVA_valid</name>
            <skipped>false</skipped>
            <status>PASSED</status>
        </case>
        <case>
            <age>0</age>
            <className>salariati.test.AddEmployeeTest</className>
            <duration>0.0</duration>
            <failedSince>0</failedSince>
            <name>TC7_BVA_invalid_salary</name>
            <skipped>false</skipped>
            <status>PASSED</status>
        </case>
        <duration>0.037</duration>
        <name>salariati.test.AddEmployeeTest</name>
    </suite>
    <suite>
        <case>
            <age>0</age>
            <className>salariati.test.DeleteEmployeeTest</className>
            <duration>0.0</duration>
            <failedSince>0</failedSince>
            <name>TC1_ECP_valid</name>
            <skipped>false</skipped>
            <status>PASSED</status>
        </case>
        <case>
            <age>0</age>
            <className>salariati.test.DeleteEmployeeTest</className>
            <duration>0.0</duration>
            <failedSince>0</failedSince>
            <name>TC3_BVA_valid</name>
            <skipped>false</skipped>
            <status>PASSED</status>
        </case>
        <case>
            <age>0</age>
            <className>salariati.test.DeleteEmployeeTest</className>
            <duration>0.0</duration>
            <failedSince>0</failedSince>
            <name>TC4_BVA_invalid</name>
            <skipped>false</skipped>
            <status>PASSED</status>
        </case>
        <case>
            <age>0</age>
            <className>salariati.test.DeleteEmployeeTest</className>
            <duration>0.0</duration>
            <failedSince>0</failedSince>
            <name>TC2_ECP_invalid</name>
            <skipped>false</skipped>
            <status>PASSED</status>
        </case>
        <duration>0.0</duration>
        <name>salariati.test.DeleteEmployeeTest</name>
    </suite>
    <suite>
        <case>
            <age>0</age>
            <className>salariati.test.EmployeeFieldsTest</className>
            <duration>0.003</duration>
            <failedSince>0</failedSince>
            <name>testValidCNP</name>
            <skipped>false</skipped>
            <status>PASSED</status>
        </case>
        <case>
            <age>0</age>
            <className>salariati.test.EmployeeFieldsTest</className>
            <duration>0.0</duration>
            <failedSince>0</failedSince>
            <name>testValidLastName</name>
            <skipped>false</skipped>
            <status>PASSED</status>
        </case>
        <case>
            <age>0</age>
            <className>salariati.test.EmployeeFieldsTest</className>
            <duration>0.0</duration>
            <failedSince>0</failedSince>
            <name>testInvalidSalary</name>
            <skipped>false</skipped>
            <status>PASSED</status>
        </case>
        <case>
            <age>0</age>
            <className>salariati.test.EmployeeFieldsTest</className>
            <duration>0.0</duration>
            <failedSince>0</failedSince>
            <name>testInvalidLastName</name>
            <skipped>false</skipped>
            <status>PASSED</status>
        </case>
        <case>
            <age>0</age>
            <className>salariati.test.EmployeeFieldsTest</className>
            <duration>0.0</duration>
            <failedSince>0</failedSince>
            <name>testInvalidCNP</name>
            <skipped>false</skipped>
            <status>PASSED</status>
        </case>
        <case>
            <age>0</age>
            <className>salariati.test.EmployeeFieldsTest</className>
            <duration>0.0</duration>
            <failedSince>0</failedSince>
            <name>testValidSalary</name>
            <skipped>false</skipped>
            <status>PASSED</status>
        </case>
        <duration>0.137</duration>
        <name>salariati.test.EmployeeFieldsTest</name>
    </suite>
    <suite>
        <case>
            <age>0</age>
            <className>salariati.test.ModifyEmployeeTest</className>
            <duration>0.006</duration>
            <failedSince>0</failedSince>
            <name>TC1_ECP_valid</name>
            <skipped>false</skipped>
            <status>PASSED</status>
        </case>
        <case>
            <age>0</age>
            <className>salariati.test.ModifyEmployeeTest</className>
            <duration>0.003</duration>
            <failedSince>0</failedSince>
            <name>TC3_BVA_valid</name>
            <skipped>false</skipped>
            <status>PASSED</status>
        </case>
        <case>
            <age>0</age>
            <className>salariati.test.ModifyEmployeeTest</className>
            <duration>0.0</duration>
            <failedSince>0</failedSince>
            <name>TC5_BVA_invalid</name>
            <skipped>false</skipped>
            <status>PASSED</status>
        </case>
        <case>
            <age>0</age>
            <className>salariati.test.ModifyEmployeeTest</className>
            <duration>0.0</duration>
            <failedSince>0</failedSince>
            <name>TC2_ECP_invalid</name>
            <skipped>false</skipped>
            <status>PASSED</status>
        </case>
        <duration>0.01</duration>
        <name>salariati.test.ModifyEmployeeTest</name>
    </suite>
</testResult>